-------------------------------------------------------------------------------
Test set: com.in28minutes.microservices.netflixzuulapigatewayserver.NetflixZuulApiGatewayServerApplicationTests
-------------------------------------------------------------------------------
Tests run: 1, Failures: 0, Errors: 1, Skipped: 0, Time elapsed: 9.476 s <<< FAILURE! - in com.in28minutes.microservices.netflixzuulapigatewayserver.NetflixZuulApiGatewayServerApplicationTests
contextLoads  Time elapsed: 0.003 s  <<< ERROR!
java.lang.IllegalStateException: Failed to load ApplicationContext
Caused by: org.springframework.beans.factory.UnsatisfiedDependencyException: Error creating bean with name 'org.springframework.boot.autoconfigure.web.servlet.WebMvcAutoConfiguration$EnableWebMvcConfiguration': Unsatisfied dependency expressed through method 'setConfigurers' parameter 0; nested exception is org.springframework.beans.factory.UnsatisfiedDependencyException: Error creating bean with name 'tracingHandlerInterceptor' defined in class path resource [io/opentracing/contrib/spring/web/starter/ServerTracingAutoConfiguration.class]: Unsatisfied dependency expressed through method 'tracingHandlerInterceptor' parameter 0; nested exception is org.springframework.beans.factory.NoSuchBeanDefinitionException: No qualifying bean of type 'io.opentracing.Tracer' available: expected at least 1 bean which qualifies as autowire candidate. Dependency annotations: {}
Caused by: org.springframework.beans.factory.UnsatisfiedDependencyException: Error creating bean with name 'tracingHandlerInterceptor' defined in class path resource [io/opentracing/contrib/spring/web/starter/ServerTracingAutoConfiguration.class]: Unsatisfied dependency expressed through method 'tracingHandlerInterceptor' parameter 0; nested exception is org.springframework.beans.factory.NoSuchBeanDefinitionException: No qualifying bean of type 'io.opentracing.Tracer' available: expected at least 1 bean which qualifies as autowire candidate. Dependency annotations: {}
Caused by: org.springframework.beans.factory.NoSuchBeanDefinitionException: No qualifying bean of type 'io.opentracing.Tracer' available: expected at least 1 bean which qualifies as autowire candidate. Dependency annotations: {}

